#
# A fatal error has been detected by the Java Runtime Environment:
#
#  EXCEPTION_ACCESS_VIOLATION (0xc0000005) at pc=0x00007ff89c47a45e, pid=9148, tid=7912
#
# JRE version: OpenJDK Runtime Environment (11.0.15) (build 11.0.15+0-b2043.56-9505619)
# Java VM: OpenJDK 64-Bit Server VM (11.0.15+0-b2043.56-9505619, mixed mode, tiered, compressed oops, g1 gc, windows-amd64)
# Problematic frame:
# V  [jvm.dll+0x2da45e]
#
# No core dump will be written. Minidumps are not enabled by default on client versions of Windows
#
# If you would like to submit a bug report, please visit:
#   https://bugreport.java.com/bugreport/crash.jsp
#

---------------  S U M M A R Y ------------

Command Line: --add-opens=java.base/java.util=ALL-UNNAMED --add-opens=java.base/java.lang=ALL-UNNAMED --add-opens=java.base/java.lang.invoke=ALL-UNNAMED --add-opens=java.base/java.util=ALL-UNNAMED --add-opens=java.prefs/java.util.prefs=ALL-UNNAMED --add-opens=java.prefs/java.util.prefs=ALL-UNNAMED --add-opens=java.base/java.nio.charset=ALL-UNNAMED --add-opens=java.base/java.net=ALL-UNNAMED --add-opens=java.base/java.util.concurrent.atomic=ALL-UNNAMED -Xmx2048m -Dfile.encoding=UTF-8 -Duser.country=MY -Duser.language=en -Duser.variant org.gradle.launcher.daemon.bootstrap.GradleDaemon 7.5

Host: Intel(R) Core(TM) i5-5300U CPU @ 2.30GHz, 4 cores, 11G,  Windows 10 , 64 bit Build 19041 (10.0.19041.2913)
Time: Sun Jun 11 19:22:31 2023 Malay Peninsula Standard Time elapsed time: 11.825269 seconds (0d 0h 0m 11s)

---------------  T H R E A D  ---------------

Current thread (0x000001802770d000):  JavaThread "C2 CompilerThread0" daemon [_thread_in_native, id=7912, stack(0x000000348dc00000,0x000000348dd00000)]


Current CompileTask:
C2:  11825 2030   !   4       java.lang.ClassLoader::loadClass (122 bytes)

Stack: [0x000000348dc00000,0x000000348dd00000],  sp=0x000000348dcfa860,  free space=1002k
Native frames: (J=compiled Java code, j=interpreted, Vv=VM code, C=native code)
V  [jvm.dll+0x2da45e]
V  [jvm.dll+0x54cad9]
V  [jvm.dll+0x22a011]
V  [jvm.dll+0x223809]
V  [jvm.dll+0x220384]
V  [jvm.dll+0x19e851]
V  [jvm.dll+0x230479]
V  [jvm.dll+0x22e5ef]
V  [jvm.dll+0x794de1]
V  [jvm.dll+0x78dc24]
V  [jvm.dll+0x6400f6]
C  [ucrtbase.dll+0x21bb2]
C  [KERNEL32.DLL+0x17614]
C  [ntdll.dll+0x526a1]


siginfo: EXCEPTION_ACCESS_VIOLATION (0xc0000005), reading address 0x000000802a547ce8


Register to memory mapping:

RIP=0x00007ff89c47a45e jvm.dll
RAX=0x0 is NULL
RBX=0x000001802a547ce0 points into unknown readable memory: 0x000000802924bee8 | e8 be 24 29 80 00 00 00
RCX=0x000000802a547ce0 is an unknown value
RDX=0x000001802a548370 points into unknown readable memory: 0x0000018027c12788 | 88 27 c1 27 80 01 00 00
RSP=0x000000348dcfa860 is pointing into the stack for thread: 0x000001802770d000
RBP=0x000001802a53aef0 points into unknown readable memory: 0x0000000000000000 | 00 00 00 00 00 00 00 00
RSI=0x0 is NULL
RDI=0x0 is NULL
R8 =0x000001802a53aef0 points into unknown readable memory: 0x0000000000000000 | 00 00 00 00 00 00 00 00
R9 =0x000001802a548280 points into unknown readable memory: 0x00000180278748a0 | a0 48 87 27 80 01 00 00
R10=0x0000000000000012 is an unknown value
R11=0x000001802a547d30 points into unknown readable memory: 0x0000018027c126b0 | b0 26 c1 27 80 01 00 00
R12=0x000001802a547d30 points into unknown readable memory: 0x0000018027c126b0 | b0 26 c1 27 80 01 00 00
R13=0x0000018027c126b0 points into unknown readable memory: 0x00007ff89ca403c8 | c8 03 a4 9c f8 7f 00 00
R14=0x000001802a5e60e0 points into unknown readable memory: 0xffffffff00000001 | 01 00 00 00 ff ff ff ff
R15=0x0000018027706d60 points into unknown readable memory: 0x0004070000000006 | 06 00 00 00 00 07 04 00


Registers:
RAX=0x0000000000000000, RBX=0x000001802a547ce0, RCX=0x000000802a547ce0, RDX=0x000001802a548370
RSP=0x000000348dcfa860, RBP=0x000001802a53aef0, RSI=0x0000000000000000, RDI=0x0000000000000000
R8 =0x000001802a53aef0, R9 =0x000001802a548280, R10=0x0000000000000012, R11=0x000001802a547d30
R12=0x000001802a547d30, R13=0x0000018027c126b0, R14=0x000001802a5e60e0, R15=0x0000018027706d60
RIP=0x00007ff89c47a45e, EFLAGS=0x0000000000010246

Top of Stack: (sp=0x000000348dcfa860)
0x000000348dcfa860:   000001802a53aef0 00000180277029b0
0x000000348dcfa870:   000000348dcfae50 000001802a5e60e0
0x000000348dcfa880:   0000000000000293 000001802a5e60e0
0x000000348dcfa890:   0000018027706d60 0000018029bff710
0x000000348dcfa8a0:   0000018029c08000 0000000000172480
0x000000348dcfa8b0:   0000018029c08000 00007ff89cacc7f8
0x000000348dcfa8c0:   0000018027706d60 00007ff800000200
0x000000348dcfa8d0:   0000018028687500 0000000000000001
0x000000348dcfa8e0:   000000000709a962 0000018027706d60
0x000000348dcfa8f0:   0000000000000000 0000000000000000
0x000000348dcfa900:   000000348dcfb7d8 0000000000000000
0x000000348dcfa910:   000000348dcfae50 000000348dcfaa30
0x000000348dcfa920:   000001802a17c120 00007ff89c6ecad9
0x000000348dcfa930:   000000348dcfae50 0000003400000a5f
0x000000348dcfa940:   000000348dcfae50 000001802a53aef0
0x000000348dcfa950:   000001800b1a0150 0000000000000001 

Instructions: (pc=0x00007ff89c47a45e)
0x00007ff89c47a35e:   02 00 00 e8 fa 19 4e 00 4d 8b ce 48 8d 54 24 58
0x00007ff89c47a36e:   4c 8b c7 48 8b cd e8 d7 fa ff ff 89 84 24 d8 00
0x00007ff89c47a37e:   00 00 48 89 75 08 48 89 6d 18 8d 48 ff 48 63 d1
0x00007ff89c47a38e:   48 83 fa 01 0f 8e 4b 04 00 00 4c 8d 24 92 49 c1
0x00007ff89c47a39e:   e4 04 4c 03 e5 48 ff ca 48 89 54 24 20 0f 1f 44
0x00007ff89c47a3ae:   00 00 4d 8b 2c 24 8b fe 41 83 7d 18 00 0f 86 b8
0x00007ff89c47a3be:   00 00 00 8b c7 48 8d 1c c5 00 00 00 00 49 8b 45
0x00007ff89c47a3ce:   08 48 8b 0c 03 48 85 c9 0f 84 91 00 00 00 48 8b
0x00007ff89c47a3de:   01 ff 50 10 84 c0 0f 84 83 00 00 00 49 8b 45 08
0x00007ff89c47a3ee:   48 8b 0c 18 8b 41 28 41 8b 0c 86 83 f9 ff 74 6f
0x00007ff89c47a3fe:   48 8d 1c 89 48 c1 e3 04 48 03 dd 48 8b 43 20 48
0x00007ff89c47a40e:   85 c0 75 06 48 8b 4b 18 eb 46 48 83 78 20 00 74
0x00007ff89c47a41e:   2d 48 8b c8 e8 e9 f9 ff ff 4c 8b 43 20 48 8b 53
0x00007ff89c47a42e:   18 49 8b 48 18 8b 42 08 39 41 08 73 07 48 89 4b
0x00007ff89c47a43e:   18 48 8b d1 49 8b 40 20 48 89 43 20 eb 04 48 8b
0x00007ff89c47a44e:   53 18 48 8b 48 18 8b 42 08 39 41 08 48 0f 43 ca
0x00007ff89c47a45e:   8b 41 08 41 3b 44 24 08 73 05 41 89 44 24 08 ff
0x00007ff89c47a46e:   c7 41 3b 7d 18 0f 82 48 ff ff ff 41 8b 44 24 08
0x00007ff89c47a47e:   4d 8b c4 48 8d 0c 80 48 03 c9 48 8b 44 cd 38 49
0x00007ff89c47a48e:   89 44 24 38 4c 89 64 cd 38 49 8b 44 24 28 49 8b
0x00007ff89c47a49e:   54 24 18 4d 8b 5c 24 10 48 8b 48 18 8b 41 08 39
0x00007ff89c47a4ae:   42 08 73 60 0f 1f 40 00 66 66 0f 1f 84 00 00 00
0x00007ff89c47a4be:   00 00 4d 8b 48 28 45 8b 50 0c 49 8b 41 28 8b 50
0x00007ff89c47a4ce:   0c 41 8b 41 0c 41 03 d2 03 c0 3b d0 72 12 4d 89
0x00007ff89c47a4de:   41 20 49 8b 40 28 48 8b 48 28 49 89 48 28 eb 0f
0x00007ff89c47a4ee:   45 89 51 0c 49 8b 40 28 49 89 40 20 4c 8b c0 49
0x00007ff89c47a4fe:   8b 40 28 49 8b 54 24 18 48 8b 48 18 8b 41 08 39
0x00007ff89c47a50e:   42 08 72 ae 49 89 50 18 41 8b 44 24 0c 41 01 43
0x00007ff89c47a51e:   0c 41 8b 44 24 0c 03 c0 41 39 43 0c 73 0b 49 8b
0x00007ff89c47a52e:   c0 4d 8b 43 28 49 89 43 28 4c 3b c5 74 11 0f 1f
0x00007ff89c47a53e:   40 00 4d 89 58 20 4d 8b 40 28 4c 3b c5 75 f3 49
0x00007ff89c47a54e:   8b 44 24 10 48 8b 58 38 48 85 db 74 71 0f 1f 44 


Stack slot to memory mapping:
stack at sp + 0 slots: 0x000001802a53aef0 points into unknown readable memory: 0x0000000000000000 | 00 00 00 00 00 00 00 00
stack at sp + 1 slots: 0x00000180277029b0 points into unknown readable memory: 0x0000000000000000 | 00 00 00 00 00 00 00 00
stack at sp + 2 slots: 0x000000348dcfae50 is pointing into the stack for thread: 0x000001802770d000
stack at sp + 3 slots: 0x000001802a5e60e0 points into unknown readable memory: 0xffffffff00000001 | 01 00 00 00 ff ff ff ff
stack at sp + 4 slots: 0x0000000000000293 is an unknown value
stack at sp + 5 slots: 0x000001802a5e60e0 points into unknown readable memory: 0xffffffff00000001 | 01 00 00 00 ff ff ff ff
stack at sp + 6 slots: 0x0000018027706d60 points into unknown readable memory: 0x0004070000000006 | 06 00 00 00 00 07 04 00
stack at sp + 7 slots: 0x0000018029bff710 points into unknown readable memory: 0x000001802a53aee0 | e0 ae 53 2a 80 01 00 00


---------------  P R O C E S S  ---------------

Threads class SMR info:
_java_thread_list=0x0000018029f01680, length=23, elements={
0x000001800d25e000, 0x0000018026eb5800, 0x0000018026eb7000, 0x0000018027706800,
0x0000018027708000, 0x0000018027709000, 0x000001802770d000, 0x0000018027710800,
0x000001802777a800, 0x000001802786e800, 0x000001802a447800, 0x0000018029893800,
0x0000018029a61000, 0x0000018028614800, 0x00000180288be000, 0x000001802a200000,
0x000001802907d000, 0x000001802a631000, 0x000001802a22c000, 0x0000018029117800,
0x000001802a7b2800, 0x000001802a7b1800, 0x000001802a7b4000
}

Java Threads: ( => current thread )
  0x000001800d25e000 JavaThread "main" [_thread_blocked, id=7780, stack(0x000000348cf00000,0x000000348d000000)]
  0x0000018026eb5800 JavaThread "Reference Handler" daemon [_thread_blocked, id=9192, stack(0x000000348d700000,0x000000348d800000)]
  0x0000018026eb7000 JavaThread "Finalizer" daemon [_thread_blocked, id=9212, stack(0x000000348d800000,0x000000348d900000)]
  0x0000018027706800 JavaThread "Signal Dispatcher" daemon [_thread_blocked, id=4888, stack(0x000000348d900000,0x000000348da00000)]
  0x0000018027708000 JavaThread "Attach Listener" daemon [_thread_blocked, id=5620, stack(0x000000348da00000,0x000000348db00000)]
  0x0000018027709000 JavaThread "Service Thread" daemon [_thread_blocked, id=9180, stack(0x000000348db00000,0x000000348dc00000)]
=>0x000001802770d000 JavaThread "C2 CompilerThread0" daemon [_thread_in_native, id=7912, stack(0x000000348dc00000,0x000000348dd00000)]
  0x0000018027710800 JavaThread "C1 CompilerThread0" daemon [_thread_in_vm, id=7928, stack(0x000000348dd00000,0x000000348de00000)]
  0x000001802777a800 JavaThread "Sweeper thread" daemon [_thread_blocked, id=7924, stack(0x000000348de00000,0x000000348df00000)]
  0x000001802786e800 JavaThread "Common-Cleaner" daemon [_thread_blocked, id=9188, stack(0x000000348df00000,0x000000348e000000)]
  0x000001802a447800 JavaThread "Daemon health stats" [_thread_blocked, id=1736, stack(0x000000348e500000,0x000000348e600000)]
  0x0000018029893800 JavaThread "Incoming local TCP Connector on port 49724" [_thread_in_native, id=5544, stack(0x000000348e400000,0x000000348e500000)]
  0x0000018029a61000 JavaThread "Daemon periodic checks" [_thread_blocked, id=5560, stack(0x000000348e600000,0x000000348e700000)]
  0x0000018028614800 JavaThread "Daemon" [_thread_blocked, id=5516, stack(0x000000348e700000,0x000000348e800000)]
  0x00000180288be000 JavaThread "Handler for socket connection from /127.0.0.1:49724 to /127.0.0.1:49725" [_thread_in_native, id=5628, stack(0x000000348e800000,0x000000348e900000)]
  0x000001802a200000 JavaThread "Cancel handler" [_thread_blocked, id=5616, stack(0x000000348e900000,0x000000348ea00000)]
  0x000001802907d000 JavaThread "Daemon worker" [_thread_in_vm, id=5684, stack(0x000000348ea00000,0x000000348eb00000)]
  0x000001802a631000 JavaThread "Asynchronous log dispatcher for DefaultDaemonConnection: socket connection from /127.0.0.1:49724 to /127.0.0.1:49725" [_thread_blocked, id=5640, stack(0x000000348eb00000,0x000000348ec00000)]
  0x000001802a22c000 JavaThread "Stdin handler" [_thread_blocked, id=680, stack(0x000000348ec00000,0x000000348ed00000)]
  0x0000018029117800 JavaThread "Daemon client event forwarder" [_thread_blocked, id=5824, stack(0x000000348ed00000,0x000000348ee00000)]
  0x000001802a7b2800 JavaThread "Cache worker for journal cache (C:\Users\Admin\.gradle\caches\journal-1)" [_thread_blocked, id=5348, stack(0x000000348ee00000,0x000000348ef00000)]
  0x000001802a7b1800 JavaThread "File lock request listener" [_thread_in_native, id=5368, stack(0x000000348ef00000,0x000000348f000000)]
  0x000001802a7b4000 JavaThread "Cache worker for file hash cache (C:\Users\Admin\.gradle\caches\7.5\fileHashes)" [_thread_blocked, id=8716, stack(0x000000348f000000,0x000000348f100000)]

Other Threads:
  0x0000018026ea2000 VMThread "VM Thread" [stack: 0x000000348d600000,0x000000348d700000] [id=7636]
  0x00000180278a0800 WatcherThread [stack: 0x000000348e000000,0x000000348e100000] [id=652]
  0x000001800d277800 GCTaskThread "GC Thread#0" [stack: 0x000000348d100000,0x000000348d200000] [id=8140]
  0x0000018028408000 GCTaskThread "GC Thread#1" [stack: 0x000000348e100000,0x000000348e200000] [id=812]
  0x0000018027cb3800 GCTaskThread "GC Thread#2" [stack: 0x000000348e200000,0x000000348e300000] [id=884]
  0x0000018027c85800 GCTaskThread "GC Thread#3" [stack: 0x000000348e300000,0x000000348e400000] [id=892]
  0x000001800d2a9000 ConcurrentGCThread "G1 Main Marker" [stack: 0x000000348d200000,0x000000348d300000] [id=9124]
  0x000001800d2ab800 ConcurrentGCThread "G1 Conc#0" [stack: 0x000000348d300000,0x000000348d400000] [id=796]
  0x000001800d33e000 ConcurrentGCThread "G1 Refine#0" [stack: 0x000000348d400000,0x000000348d500000] [id=5552]
  0x0000018026cf0800 ConcurrentGCThread "G1 Young RemSet Sampling" [stack: 0x000000348d500000,0x000000348d600000] [id=396]

Threads with active compile tasks:
C2 CompilerThread0    11927 2030   !   4       java.lang.ClassLoader::loadClass (122 bytes)

VM state:not at safepoint (normal execution)

VM Mutex/Monitor currently owned by a thread: None

Heap address: 0x0000000080000000, size: 2048 MB, Compressed Oops mode: 32-bit
Narrow klass base: 0x0000000000000000, Narrow klass shift: 3
Compressed class space size: 1073741824 Address: 0x0000000100000000

Heap:
 garbage-first heap   total 196608K, used 42794K [0x0000000080000000, 0x0000000100000000)
  region size 1024K, 38 young (38912K), 12 survivors (12288K)
 Metaspace       used 23375K, capacity 23899K, committed 24112K, reserved 1071104K
  class space    used 2945K, capacity 3143K, committed 3200K, reserved 1048576K
Heap Regions: E=young(eden), S=young(survivor), O=old, HS=humongous(starts), HC=humongous(continues), CS=collection set, F=free, A=archive, TAMS=top-at-mark-start (previous, next)
|   0|0x0000000080000000, 0x0000000080100000, 0x0000000080100000|100%|HS|  |TAMS 0x0000000080100000, 0x0000000080000000| Complete 
|   1|0x0000000080100000, 0x0000000080200000, 0x0000000080200000|100%|HC|  |TAMS 0x0000000080200000, 0x0000000080100000| Complete 
|   2|0x0000000080200000, 0x0000000080300000, 0x0000000080300000|100%|HC|  |TAMS 0x0000000080300000, 0x0000000080200000| Complete 
|   3|0x0000000080300000, 0x0000000080400000, 0x0000000080400000|100%| O|  |TAMS 0x0000000080400000, 0x0000000080300000| Untracked 
|   4|0x0000000080400000, 0x00000000804f0800, 0x0000000080500000| 93%| O|  |TAMS 0x00000000804f0800, 0x0000000080400000| Untracked 
|   5|0x0000000080500000, 0x0000000080500000, 0x0000000080600000|  0%| F|  |TAMS 0x0000000080500000, 0x0000000080500000| Untracked 
|   6|0x0000000080600000, 0x0000000080600000, 0x0000000080700000|  0%| F|  |TAMS 0x0000000080600000, 0x0000000080600000| Untracked 
|   7|0x0000000080700000, 0x0000000080700000, 0x0000000080800000|  0%| F|  |TAMS 0x0000000080700000, 0x0000000080700000| Untracked 
|   8|0x0000000080800000, 0x0000000080800000, 0x0000000080900000|  0%| F|  |TAMS 0x0000000080800000, 0x0000000080800000| Untracked 
|   9|0x0000000080900000, 0x0000000080900000, 0x0000000080a00000|  0%| F|  |TAMS 0x0000000080900000, 0x0000000080900000| Untracked 
|  10|0x0000000080a00000, 0x0000000080a00000, 0x0000000080b00000|  0%| F|  |TAMS 0x0000000080a00000, 0x0000000080a00000| Untracked 
|  11|0x0000000080b00000, 0x0000000080b00000, 0x0000000080c00000|  0%| F|  |TAMS 0x0000000080b00000, 0x0000000080b00000| Untracked 
|  12|0x0000000080c00000, 0x0000000080c00000, 0x0000000080d00000|  0%| F|  |TAMS 0x0000000080c00000, 0x0000000080c00000| Untracked 
|  13|0x0000000080d00000, 0x0000000080d00000, 0x0000000080e00000|  0%| F|  |TAMS 0x0000000080d00000, 0x0000000080d00000| Untracked 
|  14|0x0000000080e00000, 0x0000000080e00000, 0x0000000080f00000|  0%| F|  |TAMS 0x0000000080e00000, 0x0000000080e00000| Untracked 
|  15|0x0000000080f00000, 0x0000000080f00000, 0x0000000081000000|  0%| F|  |TAMS 0x0000000080f00000, 0x0000000080f00000| Untracked 
|  16|0x0000000081000000, 0x0000000081000000, 0x0000000081100000|  0%| F|  |TAMS 0x0000000081000000, 0x0000000081000000| Untracked 
|  17|0x0000000081100000, 0x0000000081100000, 0x0000000081200000|  0%| F|  |TAMS 0x0000000081100000, 0x0000000081100000| Untracked 
|  18|0x0000000081200000, 0x0000000081200000, 0x0000000081300000|  0%| F|  |TAMS 0x0000000081200000, 0x0000000081200000| Untracked 
|  19|0x0000000081300000, 0x0000000081300000, 0x0000000081400000|  0%| F|  |TAMS 0x0000000081300000, 0x0000000081300000| Untracked 
|  20|0x0000000081400000, 0x0000000081400000, 0x0000000081500000|  0%| F|  |TAMS 0x0000000081400000, 0x0000000081400000| Untracked 
|  21|0x0000000081500000, 0x0000000081500000, 0x0000000081600000|  0%| F|  |TAMS 0x0000000081500000, 0x0000000081500000| Untracked 
|  22|0x0000000081600000, 0x0000000081600000, 0x0000000081700000|  0%| F|  |TAMS 0x0000000081600000, 0x0000000081600000| Untracked 
|  23|0x0000000081700000, 0x0000000081700000, 0x0000000081800000|  0%| F|  |TAMS 0x0000000081700000, 0x0000000081700000| Untracked 
|  24|0x0000000081800000, 0x0000000081800000, 0x0000000081900000|  0%| F|  |TAMS 0x0000000081800000, 0x0000000081800000| Untracked 
|  25|0x0000000081900000, 0x0000000081900000, 0x0000000081a00000|  0%| F|  |TAMS 0x0000000081900000, 0x0000000081900000| Untracked 
|  26|0x0000000081a00000, 0x0000000081a00000, 0x0000000081b00000|  0%| F|  |TAMS 0x0000000081a00000, 0x0000000081a00000| Untracked 
|  27|0x0000000081b00000, 0x0000000081b00000, 0x0000000081c00000|  0%| F|  |TAMS 0x0000000081b00000, 0x0000000081b00000| Untracked 
|  28|0x0000000081c00000, 0x0000000081c00000, 0x0000000081d00000|  0%| F|  |TAMS 0x0000000081c00000, 0x0000000081c00000| Untracked 
|  29|0x0000000081d00000, 0x0000000081d00000, 0x0000000081e00000|  0%| F|  |TAMS 0x0000000081d00000, 0x0000000081d00000| Untracked 
|  30|0x0000000081e00000, 0x0000000081e00000, 0x0000000081f00000|  0%| F|  |TAMS 0x0000000081e00000, 0x0000000081e00000| Untracked 
|  31|0x0000000081f00000, 0x0000000081f00000, 0x0000000082000000|  0%| F|  |TAMS 0x0000000081f00000, 0x0000000081f00000| Untracked 
|  32|0x0000000082000000, 0x0000000082000000, 0x0000000082100000|  0%| F|  |TAMS 0x0000000082000000, 0x0000000082000000| Untracked 
|  33|0x0000000082100000, 0x0000000082100000, 0x0000000082200000|  0%| F|  |TAMS 0x0000000082100000, 0x0000000082100000| Untracked 
|  34|0x0000000082200000, 0x0000000082200000, 0x0000000082300000|  0%| F|  |TAMS 0x0000000082200000, 0x0000000082200000| Untracked 
|  35|0x0000000082300000, 0x0000000082300000, 0x0000000082400000|  0%| F|  |TAMS 0x0000000082300000, 0x0000000082300000| Untracked 
|  36|0x0000000082400000, 0x0000000082400000, 0x0000000082500000|  0%| F|  |TAMS 0x0000000082400000, 0x0000000082400000| Untracked 
|  37|0x0000000082500000, 0x0000000082500000, 0x0000000082600000|  0%| F|  |TAMS 0x0000000082500000, 0x0000000082500000| Untracked 
|  38|0x0000000082600000, 0x0000000082600000, 0x0000000082700000|  0%| F|  |TAMS 0x0000000082600000, 0x0000000082600000| Untracked 
|  39|0x0000000082700000, 0x0000000082700000, 0x0000000082800000|  0%| F|  |TAMS 0x0000000082700000, 0x0000000082700000| Untracked 
|  40|0x0000000082800000, 0x0000000082800000, 0x0000000082900000|  0%| F|  |TAMS 0x0000000082800000, 0x0000000082800000| Untracked 
|  41|0x0000000082900000, 0x0000000082900000, 0x0000000082a00000|  0%| F|  |TAMS 0x0000000082900000, 0x0000000082900000| Untracked 
|  42|0x0000000082a00000, 0x0000000082a00000, 0x0000000082b00000|  0%| F|  |TAMS 0x0000000082a00000, 0x0000000082a00000| Untracked 
|  43|0x0000000082b00000, 0x0000000082b00000, 0x0000000082c00000|  0%| F|  |TAMS 0x0000000082b00000, 0x0000000082b00000| Untracked 
|  44|0x0000000082c00000, 0x0000000082c00000, 0x0000000082d00000|  0%| F|  |TAMS 0x0000000082c00000, 0x0000000082c00000| Untracked 
|  45|0x0000000082d00000, 0x0000000082d00000, 0x0000000082e00000|  0%| F|  |TAMS 0x0000000082d00000, 0x0000000082d00000| Untracked 
|  46|0x0000000082e00000, 0x0000000082e00000, 0x0000000082f00000|  0%| F|  |TAMS 0x0000000082e00000, 0x0000000082e00000| Untracked 
|  47|0x0000000082f00000, 0x0000000082f00000, 0x0000000083000000|  0%| F|  |TAMS 0x0000000082f00000, 0x0000000082f00000| Untracked 
|  48|0x0000000083000000, 0x0000000083000000, 0x0000000083100000|  0%| F|  |TAMS 0x0000000083000000, 0x0000000083000000| Untracked 
|  49|0x0000000083100000, 0x0000000083100000, 0x0000000083200000|  0%| F|  |TAMS 0x0000000083100000, 0x0000000083100000| Untracked 
|  50|0x0000000083200000, 0x0000000083200000, 0x0000000083300000|  0%| F|  |TAMS 0x0000000083200000, 0x0000000083200000| Untracked 
|  51|0x0000000083300000, 0x0000000083300000, 0x0000000083400000|  0%| F|  |TAMS 0x0000000083300000, 0x0000000083300000| Untracked 
|  52|0x0000000083400000, 0x0000000083400000, 0x0000000083500000|  0%| F|  |TAMS 0x0000000083400000, 0x0000000083400000| Untracked 
|  53|0x0000000083500000, 0x0000000083500000, 0x0000000083600000|  0%| F|  |TAMS 0x0000000083500000, 0x0000000083500000| Untracked 
|  54|0x0000000083600000, 0x0000000083600000, 0x0000000083700000|  0%| F|  |TAMS 0x0000000083600000, 0x0000000083600000| Untracked 
|  55|0x0000000083700000, 0x0000000083700000, 0x0000000083800000|  0%| F|  |TAMS 0x0000000083700000, 0x0000000083700000| Untracked 
|  56|0x0000000083800000, 0x0000000083800000, 0x0000000083900000|  0%| F|  |TAMS 0x0000000083800000, 0x0000000083800000| Untracked 
|  57|0x0000000083900000, 0x0000000083900000, 0x0000000083a00000|  0%| F|  |TAMS 0x0000000083900000, 0x0000000083900000| Untracked 
|  58|0x0000000083a00000, 0x0000000083a00000, 0x0000000083b00000|  0%| F|  |TAMS 0x0000000083a00000, 0x0000000083a00000| Untracked 
|  59|0x0000000083b00000, 0x0000000083b00000, 0x0000000083c00000|  0%| F|  |TAMS 0x0000000083b00000, 0x0000000083b00000| Untracked 
|  60|0x0000000083c00000, 0x0000000083c00000, 0x0000000083d00000|  0%| F|  |TAMS 0x0000000083c00000, 0x0000000083c00000| Untracked 
|  61|0x0000000083d00000, 0x0000000083d00000, 0x0000000083e00000|  0%| F|  |TAMS 0x0000000083d00000, 0x0000000083d00000| Untracked 
|  62|0x0000000083e00000, 0x0000000083e00000, 0x0000000083f00000|  0%| F|  |TAMS 0x0000000083e00000, 0x0000000083e00000| Untracked 
|  63|0x0000000083f00000, 0x0000000083f00000, 0x0000000084000000|  0%| F|  |TAMS 0x0000000083f00000, 0x0000000083f00000| Untracked 
|  64|0x0000000084000000, 0x0000000084000000, 0x0000000084100000|  0%| F|  |TAMS 0x0000000084000000, 0x0000000084000000| Untracked 
|  65|0x0000000084100000, 0x0000000084100000, 0x0000000084200000|  0%| F|  |TAMS 0x0000000084100000, 0x0000000084100000| Untracked 
|  66|0x0000000084200000, 0x0000000084200000, 0x0000000084300000|  0%| F|  |TAMS 0x0000000084200000, 0x0000000084200000| Untracked 
|  67|0x0000000084300000, 0x0000000084300000, 0x0000000084400000|  0%| F|  |TAMS 0x0000000084300000, 0x0000000084300000| Untracked 
|  68|0x0000000084400000, 0x0000000084400000, 0x0000000084500000|  0%| F|  |TAMS 0x0000000084400000, 0x0000000084400000| Untracked 
|  69|0x0000000084500000, 0x0000000084500000, 0x0000000084600000|  0%| F|  |TAMS 0x0000000084500000, 0x0000000084500000| Untracked 
|  70|0x0000000084600000, 0x0000000084600000, 0x0000000084700000|  0%| F|  |TAMS 0x0000000084600000, 0x0000000084600000| Untracked 
|  71|0x0000000084700000, 0x0000000084700000, 0x0000000084800000|  0%| F|  |TAMS 0x0000000084700000, 0x0000000084700000| Untracked 
|  72|0x0000000084800000, 0x00000000848da1b0, 0x0000000084900000| 85%| S|CS|TAMS 0x0000000084800000, 0x0000000084800000| Complete 
|  73|0x0000000084900000, 0x0000000084a00000, 0x0000000084a00000|100%| S|CS|TAMS 0x0000000084900000, 0x0000000084900000| Complete 
|  74|0x0000000084a00000, 0x0000000084b00000, 0x0000000084b00000|100%| S|CS|TAMS 0x0000000084a00000, 0x0000000084a00000| Complete 
|  75|0x0000000084b00000, 0x0000000084c00000, 0x0000000084c00000|100%| S|CS|TAMS 0x0000000084b00000, 0x0000000084b00000| Complete 
|  76|0x0000000084c00000, 0x0000000084d00000, 0x0000000084d00000|100%| S|CS|TAMS 0x0000000084c00000, 0x0000000084c00000| Complete 
|  77|0x0000000084d00000, 0x0000000084e00000, 0x0000000084e00000|100%| S|CS|TAMS 0x0000000084d00000, 0x0000000084d00000| Complete 
|  78|0x0000000084e00000, 0x0000000084f00000, 0x0000000084f00000|100%| S|CS|TAMS 0x0000000084e00000, 0x0000000084e00000| Complete 
|  79|0x0000000084f00000, 0x0000000085000000, 0x0000000085000000|100%| S|CS|TAMS 0x0000000084f00000, 0x0000000084f00000| Complete 
|  80|0x0000000085000000, 0x0000000085100000, 0x0000000085100000|100%| S|CS|TAMS 0x0000000085000000, 0x0000000085000000| Complete 
|  81|0x0000000085100000, 0x0000000085200000, 0x0000000085200000|100%| S|CS|TAMS 0x0000000085100000, 0x0000000085100000| Complete 
|  82|0x0000000085200000, 0x0000000085300000, 0x0000000085300000|100%| S|CS|TAMS 0x0000000085200000, 0x0000000085200000| Complete 
|  83|0x0000000085300000, 0x0000000085400000, 0x0000000085400000|100%| S|CS|TAMS 0x0000000085300000, 0x0000000085300000| Complete 
|  84|0x0000000085400000, 0x0000000085400000, 0x0000000085500000|  0%| F|  |TAMS 0x0000000085400000, 0x0000000085400000| Untracked 
|  85|0x0000000085500000, 0x0000000085500000, 0x0000000085600000|  0%| F|  |TAMS 0x0000000085500000, 0x0000000085500000| Untracked 
|  86|0x0000000085600000, 0x0000000085600000, 0x0000000085700000|  0%| F|  |TAMS 0x0000000085600000, 0x0000000085600000| Untracked 
|  87|0x0000000085700000, 0x0000000085700000, 0x0000000085800000|  0%| F|  |TAMS 0x0000000085700000, 0x0000000085700000| Untracked 
|  88|0x0000000085800000, 0x0000000085800000, 0x0000000085900000|  0%| F|  |TAMS 0x0000000085800000, 0x0000000085800000| Untracked 
|  89|0x0000000085900000, 0x0000000085900000, 0x0000000085a00000|  0%| F|  |TAMS 0x0000000085900000, 0x0000000085900000| Untracked 
|  90|0x0000000085a00000, 0x0000000085a00000, 0x0000000085b00000|  0%| F|  |TAMS 0x0000000085a00000, 0x0000000085a00000| Untracked 
|  91|0x0000000085b00000, 0x0000000085b00000, 0x0000000085c00000|  0%| F|  |TAMS 0x0000000085b00000, 0x0000000085b00000| Untracked 
|  92|0x0000000085c00000, 0x0000000085c00000, 0x0000000085d00000|  0%| F|  |TAMS 0x0000000085c00000, 0x0000000085c00000| Untracked 
|  93|0x0000000085d00000, 0x0000000085d00000, 0x0000000085e00000|  0%| F|  |TAMS 0x0000000085d00000, 0x0000000085d00000| Untracked 
|  94|0x0000000085e00000, 0x0000000085e00000, 0x0000000085f00000|  0%| F|  |TAMS 0x0000000085e00000, 0x0000000085e00000| Untracked 
|  95|0x0000000085f00000, 0x0000000085f00000, 0x0000000086000000|  0%| F|  |TAMS 0x0000000085f00000, 0x0000000085f00000| Untracked 
|  96|0x0000000086000000, 0x0000000086000000, 0x0000000086100000|  0%| F|  |TAMS 0x0000000086000000, 0x0000000086000000| Untracked 
|  97|0x0000000086100000, 0x0000000086100000, 0x0000000086200000|  0%| F|  |TAMS 0x0000000086100000, 0x0000000086100000| Untracked 
|  98|0x0000000086200000, 0x0000000086200000, 0x0000000086300000|  0%| F|  |TAMS 0x0000000086200000, 0x0000000086200000| Untracked 
|  99|0x0000000086300000, 0x0000000086300000, 0x0000000086400000|  0%| F|  |TAMS 0x0000000086300000, 0x0000000086300000| Untracked 
| 100|0x0000000086400000, 0x0000000086400000, 0x0000000086500000|  0%| F|  |TAMS 0x0000000086400000, 0x0000000086400000| Untracked 
| 101|0x0000000086500000, 0x0000000086500000, 0x0000000086600000|  0%| F|  |TAMS 0x0000000086500000, 0x0000000086500000| Untracked 
| 102|0x0000000086600000, 0x0000000086600000, 0x0000000086700000|  0%| F|  |TAMS 0x0000000086600000, 0x0000000086600000| Untracked 
| 103|0x0000000086700000, 0x0000000086700000, 0x0000000086800000|  0%| F|  |TAMS 0x0000000086700000, 0x0000000086700000| Untracked 
| 104|0x0000000086800000, 0x0000000086800000, 0x0000000086900000|  0%| F|  |TAMS 0x0000000086800000, 0x0000000086800000| Untracked 
| 105|0x0000000086900000, 0x0000000086900000, 0x0000000086a00000|  0%| F|  |TAMS 0x0000000086900000, 0x0000000086900000| Untracked 
| 106|0x0000000086a00000, 0x0000000086a00000, 0x0000000086b00000|  0%| F|  |TAMS 0x0000000086a00000, 0x0000000086a00000| Untracked 
| 107|0x0000000086b00000, 0x0000000086b00000, 0x0000000086c00000|  0%| F|  |TAMS 0x0000000086b00000, 0x0000000086b00000| Untracked 
| 108|0x0000000086c00000, 0x0000000086c00000, 0x0000000086d00000|  0%| F|  |TAMS 0x0000000086c00000, 0x0000000086c00000| Untracked 
| 109|0x0000000086d00000, 0x0000000086d00000, 0x0000000086e00000|  0%| F|  |TAMS 0x0000000086d00000, 0x0000000086d00000| Untracked 
| 110|0x0000000086e00000, 0x0000000086e00000, 0x0000000086f00000|  0%| F|  |TAMS 0x0000000086e00000, 0x0000000086e00000| Untracked 
| 111|0x0000000086f00000, 0x0000000086f00000, 0x0000000087000000|  0%| F|  |TAMS 0x0000000086f00000, 0x0000000086f00000| Untracked 
| 112|0x0000000087000000, 0x0000000087000000, 0x0000000087100000|  0%| F|  |TAMS 0x0000000087000000, 0x0000000087000000| Untracked 
| 113|0x0000000087100000, 0x0000000087100000, 0x0000000087200000|  0%| F|  |TAMS 0x0000000087100000, 0x0000000087100000| Untracked 
| 114|0x0000000087200000, 0x0000000087200000, 0x0000000087300000|  0%| F|  |TAMS 0x0000000087200000, 0x0000000087200000| Untracked 
| 115|0x0000000087300000, 0x0000000087300000, 0x0000000087400000|  0%| F|  |TAMS 0x0000000087300000, 0x0000000087300000| Untracked 
| 116|0x0000000087400000, 0x0000000087400000, 0x0000000087500000|  0%| F|  |TAMS 0x0000000087400000, 0x0000000087400000| Untracked 
| 117|0x0000000087500000, 0x0000000087500000, 0x0000000087600000|  0%| F|  |TAMS 0x0000000087500000, 0x0000000087500000| Untracked 
| 118|0x0000000087600000, 0x0000000087600000, 0x0000000087700000|  0%| F|  |TAMS 0x0000000087600000, 0x0000000087600000| Untracked 
| 119|0x0000000087700000, 0x0000000087700000, 0x0000000087800000|  0%| F|  |TAMS 0x0000000087700000, 0x0000000087700000| Untracked 
| 120|0x0000000087800000, 0x0000000087800000, 0x0000000087900000|  0%| F|  |TAMS 0x0000000087800000, 0x0000000087800000| Untracked 
| 121|0x0000000087900000, 0x0000000087900000, 0x0000000087a00000|  0%| F|  |TAMS 0x0000000087900000, 0x0000000087900000| Untracked 
| 122|0x0000000087a00000, 0x0000000087a00000, 0x0000000087b00000|  0%| F|  |TAMS 0x0000000087a00000, 0x0000000087a00000| Untracked 
| 123|0x0000000087b00000, 0x0000000087b00000, 0x0000000087c00000|  0%| F|  |TAMS 0x0000000087b00000, 0x0000000087b00000| Untracked 
| 124|0x0000000087c00000, 0x0000000087c00000, 0x0000000087d00000|  0%| F|  |TAMS 0x0000000087c00000, 0x0000000087c00000| Untracked 
| 125|0x0000000087d00000, 0x0000000087d00000, 0x0000000087e00000|  0%| F|  |TAMS 0x0000000087d00000, 0x0000000087d00000| Untracked 
| 126|0x0000000087e00000, 0x0000000087e00000, 0x0000000087f00000|  0%| F|  |TAMS 0x0000000087e00000, 0x0000000087e00000| Untracked 
| 127|0x0000000087f00000, 0x0000000087f00000, 0x0000000088000000|  0%| F|  |TAMS 0x0000000087f00000, 0x0000000087f00000| Untracked 
| 128|0x0000000088000000, 0x0000000088000000, 0x0000000088100000|  0%| F|  |TAMS 0x0000000088000000, 0x0000000088000000| Untracked 
| 129|0x0000000088100000, 0x0000000088100000, 0x0000000088200000|  0%| F|  |TAMS 0x0000000088100000, 0x0000000088100000| Untracked 
| 130|0x0000000088200000, 0x0000000088200000, 0x0000000088300000|  0%| F|  |TAMS 0x0000000088200000, 0x0000000088200000| Untracked 
| 131|0x0000000088300000, 0x0000000088300000, 0x0000000088400000|  0%| F|  |TAMS 0x0000000088300000, 0x0000000088300000| Untracked 
| 132|0x0000000088400000, 0x0000000088400000, 0x0000000088500000|  0%| F|  |TAMS 0x0000000088400000, 0x0000000088400000| Untracked 
| 133|0x0000000088500000, 0x0000000088500000, 0x0000000088600000|  0%| F|  |TAMS 0x0000000088500000, 0x0000000088500000| Untracked 
| 134|0x0000000088600000, 0x0000000088600000, 0x0000000088700000|  0%| F|  |TAMS 0x0000000088600000, 0x0000000088600000| Untracked 
| 135|0x0000000088700000, 0x0000000088700000, 0x0000000088800000|  0%| F|  |TAMS 0x0000000088700000, 0x0000000088700000| Untracked 
| 136|0x0000000088800000, 0x0000000088800000, 0x0000000088900000|  0%| F|  |TAMS 0x0000000088800000, 0x0000000088800000| Untracked 
| 137|0x0000000088900000, 0x0000000088900000, 0x0000000088a00000|  0%| F|  |TAMS 0x0000000088900000, 0x0000000088900000| Untracked 
| 138|0x0000000088a00000, 0x0000000088a00000, 0x0000000088b00000|  0%| F|  |TAMS 0x0000000088a00000, 0x0000000088a00000| Untracked 
| 139|0x0000000088b00000, 0x0000000088b00000, 0x0000000088c00000|  0%| F|  |TAMS 0x0000000088b00000, 0x0000000088b00000| Untracked 
| 140|0x0000000088c00000, 0x0000000088c00000, 0x0000000088d00000|  0%| F|  |TAMS 0x0000000088c00000, 0x0000000088c00000| Untracked 
| 141|0x0000000088d00000, 0x0000000088d00000, 0x0000000088e00000|  0%| F|  |TAMS 0x0000000088d00000, 0x0000000088d00000| Untracked 
| 142|0x0000000088e00000, 0x0000000088e00000, 0x0000000088f00000|  0%| F|  |TAMS 0x0000000088e00000, 0x0000000088e00000| Untracked 
| 143|0x0000000088f00000, 0x0000000088f00000, 0x0000000089000000|  0%| F|  |TAMS 0x0000000088f00000, 0x0000000088f00000| Untracked 
| 144|0x0000000089000000, 0x0000000089000000, 0x0000000089100000|  0%| F|  |TAMS 0x0000000089000000, 0x0000000089000000| Untracked 
| 145|0x0000000089100000, 0x0000000089100000, 0x0000000089200000|  0%| F|  |TAMS 0x0000000089100000, 0x0000000089100000| Untracked 
| 146|0x0000000089200000, 0x0000000089200000, 0x0000000089300000|  0%| F|  |TAMS 0x0000000089200000, 0x0000000089200000| Untracked 
| 147|0x0000000089300000, 0x0000000089300000, 0x0000000089400000|  0%| F|  |TAMS 0x0000000089300000, 0x0000000089300000| Untracked 
| 148|0x0000000089400000, 0x0000000089400000, 0x0000000089500000|  0%| F|  |TAMS 0x0000000089400000, 0x0000000089400000| Untracked 
| 149|0x0000000089500000, 0x0000000089500000, 0x0000000089600000|  0%| F|  |TAMS 0x0000000089500000, 0x0000000089500000| Untracked 
| 150|0x0000000089600000, 0x0000000089600000, 0x0000000089700000|  0%| F|  |TAMS 0x0000000089600000, 0x0000000089600000| Untracked 
| 151|0x0000000089700000, 0x0000000089700000, 0x0000000089800000|  0%| F|  |TAMS 0x0000000089700000, 0x0000000089700000| Untracked 
| 152|0x0000000089800000, 0x0000000089800000, 0x0000000089900000|  0%| F|  |TAMS 0x0000000089800000, 0x0000000089800000| Untracked 
| 153|0x0000000089900000, 0x0000000089900000, 0x0000000089a00000|  0%| F|  |TAMS 0x0000000089900000, 0x0000000089900000| Untracked 
| 154|0x0000000089a00000, 0x0000000089a00000, 0x0000000089b00000|  0%| F|  |TAMS 0x0000000089a00000, 0x0000000089a00000| Untracked 
| 155|0x0000000089b00000, 0x0000000089b00000, 0x0000000089c00000|  0%| F|  |TAMS 0x0000000089b00000, 0x0000000089b00000| Untracked 
| 156|0x0000000089c00000, 0x0000000089c00000, 0x0000000089d00000|  0%| F|  |TAMS 0x0000000089c00000, 0x0000000089c00000| Untracked 
| 157|0x0000000089d00000, 0x0000000089d00000, 0x0000000089e00000|  0%| F|  |TAMS 0x0000000089d00000, 0x0000000089d00000| Untracked 
| 158|0x0000000089e00000, 0x0000000089e00000, 0x0000000089f00000|  0%| F|  |TAMS 0x0000000089e00000, 0x0000000089e00000| Untracked 
| 159|0x0000000089f00000, 0x0000000089f00000, 0x000000008a000000|  0%| F|  |TAMS 0x0000000089f00000, 0x0000000089f00000| Untracked 
| 160|0x000000008a000000, 0x000000008a000000, 0x000000008a100000|  0%| F|  |TAMS 0x000000008a000000, 0x000000008a000000| Untracked 
| 161|0x000000008a100000, 0x000000008a100000, 0x000000008a200000|  0%| F|  |TAMS 0x000000008a100000, 0x000000008a100000| Untracked 
| 162|0x000000008a200000, 0x000000008a200000, 0x000000008a300000|  0%| F|  |TAMS 0x000000008a200000, 0x000000008a200000| Untracked 
| 163|0x000000008a300000, 0x000000008a300000, 0x000000008a400000|  0%| F|  |TAMS 0x000000008a300000, 0x000000008a300000| Untracked 
| 164|0x000000008a400000, 0x000000008a400000, 0x000000008a500000|  0%| F|  |TAMS 0x000000008a400000, 0x000000008a400000| Untracked 
| 165|0x000000008a500000, 0x000000008a570eb0, 0x000000008a600000| 44%| E|  |TAMS 0x000000008a500000, 0x000000008a500000| Complete 
| 166|0x000000008a600000, 0x000000008a700000, 0x000000008a700000|100%| E|CS|TAMS 0x000000008a600000, 0x000000008a600000| Complete 
| 167|0x000000008a700000, 0x000000008a800000, 0x000000008a800000|100%| E|CS|TAMS 0x000000008a700000, 0x000000008a700000| Complete 
| 168|0x000000008a800000, 0x000000008a900000, 0x000000008a900000|100%| E|CS|TAMS 0x000000008a800000, 0x000000008a800000| Complete 
| 169|0x000000008a900000, 0x000000008aa00000, 0x000000008aa00000|100%| E|CS|TAMS 0x000000008a900000, 0x000000008a900000| Complete 
| 170|0x000000008aa00000, 0x000000008ab00000, 0x000000008ab00000|100%| E|CS|TAMS 0x000000008aa00000, 0x000000008aa00000| Complete 
| 171|0x000000008ab00000, 0x000000008ac00000, 0x000000008ac00000|100%| E|CS|TAMS 0x000000008ab00000, 0x000000008ab00000| Complete 
| 172|0x000000008ac00000, 0x000000008ad00000, 0x000000008ad00000|100%| E|CS|TAMS 0x000000008ac00000, 0x000000008ac00000| Complete 
| 173|0x000000008ad00000, 0x000000008ae00000, 0x000000008ae00000|100%| E|CS|TAMS 0x000000008ad00000, 0x000000008ad00000| Complete 
| 174|0x000000008ae00000, 0x000000008af00000, 0x000000008af00000|100%| E|CS|TAMS 0x000000008ae00000, 0x000000008ae00000| Complete 
| 175|0x000000008af00000, 0x000000008b000000, 0x000000008b000000|100%| E|CS|TAMS 0x000000008af00000, 0x000000008af00000| Complete 
| 176|0x000000008b000000, 0x000000008b100000, 0x000000008b100000|100%| E|CS|TAMS 0x000000008b000000, 0x000000008b000000| Complete 
| 177|0x000000008b100000, 0x000000008b200000, 0x000000008b200000|100%| E|CS|TAMS 0x000000008b100000, 0x000000008b100000| Complete 
| 178|0x000000008b200000, 0x000000008b300000, 0x000000008b300000|100%| E|CS|TAMS 0x000000008b200000, 0x000000008b200000| Complete 
| 179|0x000000008b300000, 0x000000008b400000, 0x000000008b400000|100%| E|CS|TAMS 0x000000008b300000, 0x000000008b300000| Complete 
| 180|0x000000008b400000, 0x000000008b500000, 0x000000008b500000|100%| E|CS|TAMS 0x000000008b400000, 0x000000008b400000| Complete 
| 181|0x000000008b500000, 0x000000008b600000, 0x000000008b600000|100%| E|CS|TAMS 0x000000008b500000, 0x000000008b500000| Complete 
| 182|0x000000008b600000, 0x000000008b700000, 0x000000008b700000|100%| E|CS|TAMS 0x000000008b600000, 0x000000008b600000| Complete 
| 183|0x000000008b700000, 0x000000008b800000, 0x000000008b800000|100%| E|CS|TAMS 0x000000008b700000, 0x000000008b700000| Complete 
| 184|0x000000008b800000, 0x000000008b900000, 0x000000008b900000|100%| E|CS|TAMS 0x000000008b800000, 0x000000008b800000| Complete 
| 185|0x000000008b900000, 0x000000008ba00000, 0x000000008ba00000|100%| E|CS|TAMS 0x000000008b900000, 0x000000008b900000| Complete 
| 186|0x000000008ba00000, 0x000000008bb00000, 0x000000008bb00000|100%| E|CS|TAMS 0x000000008ba00000, 0x000000008ba00000| Complete 
| 187|0x000000008bb00000, 0x000000008bc00000, 0x000000008bc00000|100%| E|CS|TAMS 0x000000008bb00000, 0x000000008bb00000| Complete 
| 188|0x000000008bc00000, 0x000000008bd00000, 0x000000008bd00000|100%| E|CS|TAMS 0x000000008bc00000, 0x000000008bc00000| Complete 
| 189|0x000000008bd00000, 0x000000008be00000, 0x000000008be00000|100%| E|CS|TAMS 0x000000008bd00000, 0x000000008bd00000| Complete 
| 190|0x000000008be00000, 0x000000008bf00000, 0x000000008bf00000|100%| E|CS|TAMS 0x000000008be00000, 0x000000008be00000| Complete 
| 191|0x000000008bf00000, 0x000000008c000000, 0x000000008c000000|100%| E|CS|TAMS 0x000000008bf00000, 0x000000008bf00000| Complete 

Card table byte_map: [0x0000018020190000,0x0000018020590000] _byte_map_base: 0x000001801fd90000

Marking Bits (Prev, Next): (CMBitMap*) 0x000001800d2a01e0, (CMBitMap*) 0x000001800d2a01a8
 Prev Bits: [0x0000018022990000, 0x0000018024990000)
 Next Bits: [0x0000018020990000, 0x0000018022990000)

Polling page: 0x000001800b110000

Metaspace:

Usage:
  Non-class:     20.33 MB capacity,    20.02 MB ( 98%) used,   275.70 KB (  1%) free+waste,    40.50 KB ( <1%) overhead. 
      Class:      3.07 MB capacity,     2.88 MB ( 94%) used,   174.14 KB (  6%) free+waste,    20.00 KB ( <1%) overhead. 
       Both:     23.40 MB capacity,    22.90 MB ( 98%) used,   449.84 KB (  2%) free+waste,    60.50 KB ( <1%) overhead. 

Virtual space:
  Non-class space:       22.00 MB reserved,      20.42 MB ( 93%) committed 
      Class space:        1.00 GB reserved,       3.12 MB ( <1%) committed 
             Both:        1.02 GB reserved,      23.55 MB (  2%) committed 

Chunk freelists:
   Non-Class:  28.00 KB
       Class:  0 bytes
        Both:  28.00 KB

MaxMetaspaceSize: 17179869184.00 GB
CompressedClassSpaceSize: 1.00 GB
Initial GC threshold: 20.80 MB
Current GC threshold: 35.08 MB
CDS: off

CodeHeap 'non-profiled nmethods': size=120064Kb used=1039Kb max_used=1039Kb free=119024Kb
 bounds [0x0000018018850000, 0x0000018018ac0000, 0x000001801fd90000]
CodeHeap 'profiled nmethods': size=120000Kb used=4576Kb max_used=4576Kb free=115424Kb
 bounds [0x0000018011320000, 0x00000180117a0000, 0x0000018018850000]
CodeHeap 'non-nmethods': size=5696Kb used=1215Kb max_used=1228Kb free=4480Kb
 bounds [0x0000018010d90000, 0x0000018011000000, 0x0000018011320000]
 total_blobs=2581 nmethods=2093 adapters=400
 compilation: enabled
              stopped_count=0, restarted_count=0
 full_count=0

Compilation events (20 events):
Event: 11.751 Thread 0x0000018027710800 2034       3       org.gradle.internal.service.DefaultServiceMethodFactory::toServiceMethod (11 bytes)
Event: 11.751 Thread 0x0000018027710800 nmethod 2034 0x0000018011774c10 code [0x0000018011774dc0, 0x0000018011774f88]
Event: 11.751 Thread 0x0000018027710800 2035   !   3       org.gradle.internal.service.MethodHandleBasedServiceMethodFactory::toServiceMethod (51 bytes)
Event: 11.753 Thread 0x0000018027710800 nmethod 2035 0x0000018011775090 code [0x0000018011775400, 0x0000018011776968]
Event: 11.753 Thread 0x0000018027710800 2036       3       java.lang.reflect.Method::getGenericParameterTypes (5 bytes)
Event: 11.755 Thread 0x0000018027710800 nmethod 2036 0x0000018011777090 code [0x0000018011777360, 0x00000180117783b8]
Event: 11.755 Thread 0x0000018027710800 2037       3       java.lang.reflect.Method::hasGenericInformation (13 bytes)
Event: 11.755 Thread 0x0000018027710800 nmethod 2037 0x0000018011778890 code [0x0000018011778a40, 0x0000018011778bb8]
Event: 11.755 Thread 0x0000018027710800 2033       3       java.util.LinkedList$ListItr::<init> (47 bytes)
Event: 11.755 Thread 0x0000018027710800 nmethod 2033 0x0000018011778c90 code [0x0000018011778e60, 0x0000018011779148]
Event: 11.755 Thread 0x0000018027710800 2038       3       org.gradle.internal.service.DefaultServiceRegistry$FactoryMethodService::<init> (22 bytes)
Event: 11.756 Thread 0x0000018027710800 nmethod 2038 0x0000018011779290 code [0x00000180117794e0, 0x0000018011779f28]
Event: 11.791 Thread 0x0000018027710800 2039       3       jdk.internal.reflect.ReflectionFactory::copyConstructor (10 bytes)
Event: 11.792 Thread 0x0000018027710800 nmethod 2039 0x000001801177a290 code [0x000001801177a480, 0x000001801177a788]
Event: 11.792 Thread 0x0000018027710800 2040       3       java.lang.reflect.ReflectAccess::copyConstructor (5 bytes)
Event: 11.792 Thread 0x0000018027710800 nmethod 2040 0x000001801177a910 code [0x000001801177aac0, 0x000001801177abe8]
Event: 11.792 Thread 0x0000018027710800 2041       3       java.lang.reflect.Constructor::copy (72 bytes)
Event: 11.792 Thread 0x0000018027710800 nmethod 2041 0x000001801177ac90 code [0x000001801177ae60, 0x000001801177b1f8]
Event: 11.793 Thread 0x0000018027710800 2042       3       java.lang.Class::privateGetDeclaredConstructors (79 bytes)
Event: 11.793 Thread 0x0000018027710800 nmethod 2042 0x000001801177b310 code [0x000001801177b520, 0x000001801177ba28]

GC Heap History (4 events):
Event: 2.253 GC heap before
{Heap before GC invocations=0 (full 0):
 garbage-first heap   total 196608K, used 16384K [0x0000000080000000, 0x0000000100000000)
  region size 1024K, 14 young (14336K), 0 survivors (0K)
 Metaspace       used 6770K, capacity 7001K, committed 7168K, reserved 1056768K
  class space    used 571K, capacity 650K, committed 768K, reserved 1048576K
}
Event: 2.398 GC heap after
{Heap after GC invocations=1 (full 0):
 garbage-first heap   total 196608K, used 4034K [0x0000000080000000, 0x0000000100000000)
  region size 1024K, 2 young (2048K), 2 survivors (2048K)
 Metaspace       used 6770K, capacity 7001K, committed 7168K, reserved 1056768K
  class space    used 571K, capacity 650K, committed 768K, reserved 1048576K
}
Event: 11.363 GC heap before
{Heap before GC invocations=1 (full 0):
 garbage-first heap   total 196608K, used 115650K [0x0000000080000000, 0x0000000100000000)
  region size 1024K, 108 young (110592K), 2 survivors (2048K)
 Metaspace       used 20834K, capacity 21167K, committed 21296K, reserved 1069056K
  class space    used 2521K, capacity 2653K, committed 2688K, reserved 1048576K
}
Event: 11.376 GC heap after
{Heap after GC invocations=2 (full 0):
 garbage-first heap   total 196608K, used 17194K [0x0000000080000000, 0x0000000100000000)
  region size 1024K, 12 young (12288K), 12 survivors (12288K)
 Metaspace       used 20834K, capacity 21167K, committed 21296K, reserved 1069056K
  class space    used 2521K, capacity 2653K, committed 2688K, reserved 1048576K
}

Deoptimization events (20 events):
Event: 10.809 Thread 0x000001802907d000 Uncommon trap: trap_request=0xffffffc6 fr.pc=0x00000180188d4ca4 relative=0x0000000000000084
Event: 10.809 Thread 0x000001802907d000 Uncommon trap: reason=bimorphic_or_optimized_type_check action=maybe_recompile pc=0x00000180188d4ca4 method=java.util.AbstractList$Itr.hasNext()Z @ 8 c2
Event: 10.809 Thread 0x000001802907d000 DEOPT PACKING pc=0x00000180188d4ca4 sp=0x000000348eafc060
Event: 10.809 Thread 0x000001802907d000 DEOPT UNPACKING pc=0x0000018010dda1af sp=0x000000348eafbff8 mode 2
Event: 10.809 Thread 0x000001802907d000 Uncommon trap: trap_request=0xffffffc6 fr.pc=0x00000180188d5054 relative=0x0000000000000114
Event: 10.809 Thread 0x000001802907d000 Uncommon trap: reason=bimorphic_or_optimized_type_check action=maybe_recompile pc=0x00000180188d5054 method=java.util.AbstractList$Itr.next()Ljava/lang/Object; @ 14 c2
Event: 10.809 Thread 0x000001802907d000 DEOPT PACKING pc=0x00000180188d5054 sp=0x000000348eafc050
Event: 10.809 Thread 0x000001802907d000 DEOPT UNPACKING pc=0x0000018010dda1af sp=0x000000348eafbfe8 mode 2
Event: 10.810 Thread 0x000001802907d000 Uncommon trap: trap_request=0xffffff4d fr.pc=0x00000180188caadc relative=0x000000000000051c
Event: 10.810 Thread 0x000001802907d000 Uncommon trap: reason=unstable_if action=reinterpret pc=0x00000180188caadc method=java.io.File.getName()Ljava/lang/String; @ 16 c2
Event: 10.810 Thread 0x000001802907d000 DEOPT PACKING pc=0x00000180188caadc sp=0x000000348eafcb60
Event: 10.810 Thread 0x000001802907d000 DEOPT UNPACKING pc=0x0000018010dda1af sp=0x000000348eafcb30 mode 2
Event: 10.810 Thread 0x000001802907d000 Uncommon trap: trap_request=0xffffff4d fr.pc=0x00000180188c9eb4 relative=0x0000000000000474
Event: 10.810 Thread 0x000001802907d000 Uncommon trap: reason=unstable_if action=reinterpret pc=0x00000180188c9eb4 method=java.lang.String.substring(I)Ljava/lang/String; @ 34 c2
Event: 10.810 Thread 0x000001802907d000 DEOPT PACKING pc=0x00000180188c9eb4 sp=0x000000348eafcae0
Event: 10.810 Thread 0x000001802907d000 DEOPT UNPACKING pc=0x0000018010dda1af sp=0x000000348eafcab8 mode 2
Event: 11.537 Thread 0x000001802907d000 Uncommon trap: trap_request=0xffffff4d fr.pc=0x000001801893cb18 relative=0x0000000000000398
Event: 11.537 Thread 0x000001802907d000 Uncommon trap: reason=unstable_if action=reinterpret pc=0x000001801893cb18 method=jdk.internal.org.objectweb.asm.Type.getArgumentsAndReturnSizes(Ljava/lang/String;)I @ 88 c2
Event: 11.537 Thread 0x000001802907d000 DEOPT PACKING pc=0x000001801893cb18 sp=0x000000348eaf9530
Event: 11.537 Thread 0x000001802907d000 DEOPT UNPACKING pc=0x0000018010dda1af sp=0x000000348eaf94b8 mode 2

Classes redefined (0 events):
No events

Internal exceptions (20 events):
Event: 3.065 Thread 0x000001800d25e000 Exception <a 'java/lang/NoSuchMethodError'{0x000000008ba46660}: 'java.lang.Object java.lang.invoke.Invokers$Holder.invoker(java.lang.Object, java.lang.Object, java.lang.Object)'> (0x000000008ba46660) thrown at [src/hotspot/share/interpreter/linkResolver.cpp, line 773]
Event: 3.076 Thread 0x000001800d25e000 Exception <a 'java/lang/NoSuchMethodError'{0x000000008ba576d8}: 'void java.lang.invoke.DelegatingMethodHandle$Holder.delegate(java.lang.Object, java.lang.Object, int, java.lang.Object)'> (0x000000008ba576d8) thrown at [src/hotspot/share/interpreter/linkResolver.cpp, line 773]
Event: 7.231 Thread 0x000001800d25e000 Exception <a 'java/security/PrivilegedActionException'{0x000000008955ff58}> (0x000000008955ff58) thrown at [src/hotspot/share/prims/jvm.cpp, line 1306]
Event: 7.231 Thread 0x000001800d25e000 Exception <a 'java/security/PrivilegedActionException'{0x00000000895604d0}> (0x00000000895604d0) thrown at [src/hotspot/share/prims/jvm.cpp, line 1306]
Event: 8.341 Thread 0x000001800d25e000 Exception <a 'java/lang/NoSuchMethodError'{0x0000000088477700}: 'java.lang.Object java.lang.invoke.DirectMethodHandle$Holder.invokeStaticInit(java.lang.Object, java.lang.Object, java.lang.Object)'> (0x0000000088477700) thrown at [src/hotspot/share/interpreter/linkResolver.cpp, line 773]
Event: 8.706 Thread 0x000001800d25e000 Exception <a 'java/lang/NoSuchMethodError'{0x0000000087d129f8}: 'java.lang.Object java.lang.invoke.DirectMethodHandle$Holder.invokeStaticInit(java.lang.Object, int, int, int, int)'> (0x0000000087d129f8) thrown at [src/hotspot/share/interpreter/linkResolver.cpp, line 773]
Event: 9.103 Thread 0x000001800d25e000 Exception <a 'java/lang/NoSuchMethodError'{0x0000000087d3e200}: 'java.lang.Object java.lang.invoke.DirectMethodHandle$Holder.invokeStaticInit(java.lang.Object, java.lang.Object, int, int, int, int)'> (0x0000000087d3e200) thrown at [src/hotspot/share/interpreter/linkResolver.cpp, line 773]
Event: 10.007 Thread 0x000001800d25e000 Exception <a 'java/io/IOException'{0x0000000087b14f00}> (0x0000000087b14f00) thrown at [src/hotspot/share/prims/jni.cpp, line 617]
Event: 10.326 Thread 0x000001802907d000 Exception <a 'java/lang/NoSuchMethodError'{0x0000000087408a40}: 'long java.lang.invoke.DirectMethodHandle$Holder.invokeInterface(java.lang.Object, java.lang.Object)'> (0x0000000087408a40) thrown at [src/hotspot/share/interpreter/linkResolver.cpp, line 773]
Event: 10.328 Thread 0x000001802907d000 Exception <a 'java/lang/NoSuchMethodError'{0x0000000087415ae0}: 'void java.lang.invoke.DelegatingMethodHandle$Holder.reinvoke_L(java.lang.Object, java.lang.Object, java.lang.Object, java.lang.Object, java.lang.Object, java.lang.Object, java.lang.Object)'> (0x0000000087415ae0) thrown at [src/hotspot/share/interpreter/linkResolver.cpp, line 773]
Event: 10.507 Thread 0x000001802907d000 Exception <a 'java/lang/NoSuchMethodError'{0x0000000086c37258}: 'void java.lang.invoke.DirectMethodHandle$Holder.invokeStaticInit(java.lang.Object)'> (0x0000000086c37258) thrown at [src/hotspot/share/interpreter/linkResolver.cpp, line 773]
Event: 10.535 Thread 0x000001802907d000 Exception <a 'java/lang/NoSuchMethodError'{0x0000000086cf1df0}: 'java.lang.Object java.lang.invoke.DirectMethodHandle$Holder.invokeStatic(java.lang.Object, java.lang.Object, java.lang.Object, int)'> (0x0000000086cf1df0) thrown at [src/hotspot/share/interpreter/linkResolver.cpp, line 773]
Event: 10.535 Thread 0x000001802907d000 Exception <a 'java/lang/NoSuchMethodError'{0x0000000086cf5fb8}: 'java.lang.Object java.lang.invoke.DirectMethodHandle$Holder.invokeSpecial(java.lang.Object, java.lang.Object, java.lang.Object, java.lang.Object, int)'> (0x0000000086cf5fb8) thrown at [src/hotspot/share/interpreter/linkResolver.cpp, line 773]
Event: 10.536 Thread 0x000001802907d000 Exception <a 'java/lang/NoSuchMethodError'{0x0000000086cf99a0}: 'java.lang.Object java.lang.invoke.Invokers$Holder.linkToTargetMethod(java.lang.Object, java.lang.Object, int, java.lang.Object)'> (0x0000000086cf99a0) thrown at [src/hotspot/share/interpreter/linkResolver.cpp, line 773]
Event: 10.869 Thread 0x000001802907d000 Exception <a 'java/lang/NoSuchMethodError'{0x000000008623e8b0}: 'java.lang.Object java.lang.invoke.Invokers$Holder.linkToTargetMethod(java.lang.Object, java.lang.Object, java.lang.Object, java.lang.Object, java.lang.Object, java.lang.Object)'> (0x000000008623e8b0) thrown at [src/hotspot/share/interpreter/linkResolver.cpp, line 773]
Event: 11.435 Thread 0x000001802907d000 Exception <a 'java/lang/NoSuchMethodError'{0x000000008be5f4b8}: 'int java.lang.invoke.DirectMethodHandle$Holder.invokeSpecialIFC(java.lang.Object, java.lang.Object, java.lang.Object, java.lang.Object)'> (0x000000008be5f4b8) thrown at [src/hotspot/share/interpreter/linkResolver.cpp, line 773]
Event: 11.438 Thread 0x000001802907d000 Exception <a 'java/lang/NoSuchMethodError'{0x000000008be94ca8}: 'java.lang.Object java.lang.invoke.DirectMethodHandle$Holder.invokeInterface(java.lang.Object, java.lang.Object, java.lang.Object)'> (0x000000008be94ca8) thrown at [src/hotspot/share/interpreter/linkResolver.cpp, line 773]
Event: 11.438 Thread 0x000001802907d000 Exception <a 'java/lang/IncompatibleClassChangeError'{0x000000008be98180}: Found class java.lang.Object, but interface was expected> (0x000000008be98180) thrown at [src/hotspot/share/interpreter/linkResolver.cpp, line 839]
Event: 11.625 Thread 0x000001802907d000 Exception <a 'java/lang/NoSuchMethodError'{0x000000008b7f7d98}: 'void java.lang.invoke.DirectMethodHandle$Holder.invokeSpecial(java.lang.Object, java.lang.Object, java.lang.Object, java.lang.Object, java.lang.Object)'> (0x000000008b7f7d98) thrown at [src/hotspot/share/interpreter/linkResolver.cpp, line 773]
Event: 11.673 Thread 0x000001802907d000 Exception <a 'java/lang/NoSuchMethodError'{0x000000008b42d450}: 'java.lang.Object java.lang.invoke.DirectMethodHandle$Holder.invokeSpecial(java.lang.Object, java.lang.Object, java.lang.Object, java.lang.Object, java.lang.Object, java.lang.Object, java.lang.Object, java.lang.Object, java.lang.Object)'> (0x000000008b42d450) thrown at [src/hotspot/share/interpreter/linkResolver.cpp, line 773]

Events (20 events):
Event: 11.804 loading class org/gradle/api/publish/internal/validation/DuplicatePublicationTracker
Event: 11.804 loading class org/gradle/api/publish/internal/validation/DuplicatePublicationTracker done
Event: 11.805 loading class org/gradle/api/publish/maven/internal/MavenPublishServices$ComponentRegistrationAction
Event: 11.805 loading class org/gradle/api/publish/maven/internal/MavenPublishServices$ComponentRegistrationAction done
Event: 11.806 loading class org/gradle/api/publish/maven/internal/dependencies/VersionRangeMapper
Event: 11.806 loading class org/gradle/api/publish/maven/internal/dependencies/VersionRangeMapper done
Event: 11.807 loading class org/gradle/api/publish/maven/internal/publisher/MavenPublishers
Event: 11.807 loading class org/gradle/api/publish/maven/internal/publisher/MavenPublishers done
Event: 11.809 loading class org/gradle/maven/MavenModule
Event: 11.809 loading class org/gradle/maven/MavenModule done
Event: 11.810 loading class org/gradle/maven/MavenPomArtifact
Event: 11.810 loading class org/gradle/maven/MavenPomArtifact done
Event: 11.810 loading class org/gradle/caching/configuration/internal/DefaultBuildCacheServiceRegistration
Event: 11.810 loading class org/gradle/caching/configuration/internal/DefaultBuildCacheServiceRegistration done
Event: 11.811 loading class org/gradle/caching/http/HttpBuildCache
Event: 11.811 loading class org/gradle/caching/http/HttpBuildCache done
Event: 11.811 loading class org/gradle/caching/configuration/AbstractBuildCache
Event: 11.811 loading class org/gradle/caching/configuration/AbstractBuildCache done
Event: 11.812 loading class org/gradle/caching/configuration/BuildCache
Event: 11.812 loading class org/gradle/caching/configuration/BuildCache done


Dynamic libraries:
0x00007ff7eb3e0000 - 0x00007ff7eb3ea000 	C:\Program Files\Android\Android Studio\jbr\bin\java.exe
0x00007ff8dd430000 - 0x00007ff8dd628000 	C:\Windows\SYSTEM32\ntdll.dll
0x00007ff8dd220000 - 0x00007ff8dd2df000 	C:\Windows\System32\KERNEL32.DLL
0x00007ff8dafe0000 - 0x00007ff8db2d6000 	C:\Windows\System32\KERNELBASE.dll
0x00007ff8dae80000 - 0x00007ff8daf80000 	C:\Windows\System32\ucrtbase.dll
0x00007ff8a03a0000 - 0x00007ff8a03b7000 	C:\Program Files\Android\Android Studio\jbr\bin\jli.dll
0x00007ff8dba70000 - 0x00007ff8dbc0d000 	C:\Windows\System32\USER32.dll
0x00007ff8daf80000 - 0x00007ff8dafa2000 	C:\Windows\System32\win32u.dll
0x00007ff8dc8d0000 - 0x00007ff8dc8fc000 	C:\Windows\System32\GDI32.dll
0x00007ff8db2e0000 - 0x00007ff8db3f5000 	C:\Windows\System32\gdi32full.dll
0x00007ff8dab10000 - 0x00007ff8dabad000 	C:\Windows\System32\msvcp_win.dll
0x00007ff8a0360000 - 0x00007ff8a037b000 	C:\Program Files\Android\Android Studio\jbr\bin\VCRUNTIME140.dll
0x00007ff8ca9b0000 - 0x00007ff8cac4a000 	C:\Windows\WinSxS\amd64_microsoft.windows.common-controls_6595b64144ccf1df_6.0.19041.1110_none_60b5254171f9507e\COMCTL32.dll
0x00007ff8dbe50000 - 0x00007ff8dbeee000 	C:\Windows\System32\msvcrt.dll
0x00007ff8dc140000 - 0x00007ff8dc170000 	C:\Windows\System32\IMM32.DLL
0x00007ff8c8260000 - 0x00007ff8c826c000 	C:\Program Files\Android\Android Studio\jbr\bin\vcruntime140_1.dll
0x00007ff899e20000 - 0x00007ff899ead000 	C:\Program Files\Android\Android Studio\jbr\bin\msvcp140.dll
0x00007ff89c1a0000 - 0x00007ff89cd5c000 	C:\Program Files\Android\Android Studio\jbr\bin\server\jvm.dll
0x00007ff8dbd20000 - 0x00007ff8dbdcf000 	C:\Windows\System32\ADVAPI32.dll
0x00007ff8dbf50000 - 0x00007ff8dbfec000 	C:\Windows\System32\sechost.dll
0x00007ff8dc5e0000 - 0x00007ff8dc706000 	C:\Windows\System32\RPCRT4.dll
0x00007ff8db490000 - 0x00007ff8db498000 	C:\Windows\System32\PSAPI.DLL
0x00007ff8c66b0000 - 0x00007ff8c66b9000 	C:\Windows\SYSTEM32\WSOCK32.dll
0x00007ff8dba00000 - 0x00007ff8dba6b000 	C:\Windows\System32\WS2_32.dll
0x00007ff8c7050000 - 0x00007ff8c7077000 	C:\Windows\SYSTEM32\WINMM.dll
0x00007ff8cc190000 - 0x00007ff8cc19a000 	C:\Windows\SYSTEM32\VERSION.dll
0x00007ff8d89d0000 - 0x00007ff8d89e2000 	C:\Windows\SYSTEM32\kernel.appcore.dll
0x00007ff8d5510000 - 0x00007ff8d5520000 	C:\Program Files\Android\Android Studio\jbr\bin\verify.dll
0x00007ff8c7f00000 - 0x00007ff8c80e4000 	C:\Windows\SYSTEM32\DBGHELP.DLL
0x00007ff8c7da0000 - 0x00007ff8c7dd4000 	C:\Windows\SYSTEM32\dbgcore.DLL
0x00007ff8db400000 - 0x00007ff8db482000 	C:\Windows\System32\bcryptPrimitives.dll
0x00007ff8d54e0000 - 0x00007ff8d5508000 	C:\Program Files\Android\Android Studio\jbr\bin\java.dll
0x00007ff8d54d0000 - 0x00007ff8d54da000 	C:\Program Files\Android\Android Studio\jbr\bin\jimage.dll
0x00007ff8d54b0000 - 0x00007ff8d54c8000 	C:\Program Files\Android\Android Studio\jbr\bin\zip.dll
0x00007ff8dca20000 - 0x00007ff8dd164000 	C:\Windows\System32\SHELL32.dll
0x00007ff8d8bd0000 - 0x00007ff8d9363000 	C:\Windows\SYSTEM32\windows.storage.dll
0x00007ff8db6a0000 - 0x00007ff8db9f4000 	C:\Windows\System32\combase.dll
0x00007ff8da490000 - 0x00007ff8da4be000 	C:\Windows\SYSTEM32\Wldp.dll
0x00007ff8dbc70000 - 0x00007ff8dbd1d000 	C:\Windows\System32\SHCORE.dll
0x00007ff8dbef0000 - 0x00007ff8dbf45000 	C:\Windows\System32\shlwapi.dll
0x00007ff8daa50000 - 0x00007ff8daa6f000 	C:\Windows\SYSTEM32\profapi.dll
0x00007ff8d5490000 - 0x00007ff8d54a9000 	C:\Program Files\Android\Android Studio\jbr\bin\net.dll
0x00007ff8cd540000 - 0x00007ff8cd64a000 	C:\Windows\SYSTEM32\WINHTTP.dll
0x00007ff8da1f0000 - 0x00007ff8da25a000 	C:\Windows\system32\mswsock.dll
0x00007ff8d5470000 - 0x00007ff8d5483000 	C:\Program Files\Android\Android Studio\jbr\bin\nio.dll
0x00007ff8c8290000 - 0x00007ff8c82b7000 	C:\Users\Admin\.gradle\native\e1d6ef7f7dcc3fd88c89a11ec53ec762bb8ba0a96d01ffa2cd45eb1d1d8dd5c5\windows-amd64\native-platform.dll
0x00007ff890ec0000 - 0x00007ff891004000 	C:\Users\Admin\.gradle\native\0d407fdbe67a94daf76414ababcb853783967236a71b16ec16e742cd7a986fd3\windows-amd64\native-platform-file-events.dll
0x00007ff8d5460000 - 0x00007ff8d546a000 	C:\Program Files\Android\Android Studio\jbr\bin\management.dll
0x00007ff8d5450000 - 0x00007ff8d545b000 	C:\Program Files\Android\Android Studio\jbr\bin\management_ext.dll
0x00007ff8da3e0000 - 0x00007ff8da3f8000 	C:\Windows\SYSTEM32\CRYPTSP.dll
0x00007ff8d9b10000 - 0x00007ff8d9b44000 	C:\Windows\system32\rsaenh.dll
0x00007ff8dafb0000 - 0x00007ff8dafd7000 	C:\Windows\System32\bcrypt.dll
0x00007ff8daa10000 - 0x00007ff8daa3e000 	C:\Windows\SYSTEM32\USERENV.dll
0x00007ff8da400000 - 0x00007ff8da40c000 	C:\Windows\SYSTEM32\CRYPTBASE.dll
0x00007ff8d9ee0000 - 0x00007ff8d9f1c000 	C:\Windows\SYSTEM32\IPHLPAPI.DLL
0x00007ff8dc8c0000 - 0x00007ff8dc8c8000 	C:\Windows\System32\NSI.dll
0x00007ff8d0bf0000 - 0x00007ff8d0c07000 	C:\Windows\SYSTEM32\dhcpcsvc6.DLL
0x00007ff8d3b10000 - 0x00007ff8d3b2d000 	C:\Windows\SYSTEM32\dhcpcsvc.DLL
0x00007ff8d9f20000 - 0x00007ff8d9feb000 	C:\Windows\SYSTEM32\DNSAPI.dll

dbghelp: loaded successfully - version: 4.0.5 - missing functions: none
symbol engine: initialized successfully - sym options: 0x614 - pdb path: .;C:\Program Files\Android\Android Studio\jbr\bin;C:\Windows\SYSTEM32;C:\Windows\WinSxS\amd64_microsoft.windows.common-controls_6595b64144ccf1df_6.0.19041.1110_none_60b5254171f9507e;C:\Program Files\Android\Android Studio\jbr\bin\server;C:\Users\Admin\.gradle\native\e1d6ef7f7dcc3fd88c89a11ec53ec762bb8ba0a96d01ffa2cd45eb1d1d8dd5c5\windows-amd64;C:\Users\Admin\.gradle\native\0d407fdbe67a94daf76414ababcb853783967236a71b16ec16e742cd7a986fd3\windows-amd64

VM Arguments:
jvm_args: --add-opens=java.base/java.util=ALL-UNNAMED --add-opens=java.base/java.lang=ALL-UNNAMED --add-opens=java.base/java.lang.invoke=ALL-UNNAMED --add-opens=java.base/java.util=ALL-UNNAMED --add-opens=java.prefs/java.util.prefs=ALL-UNNAMED --add-opens=java.prefs/java.util.prefs=ALL-UNNAMED --add-opens=java.base/java.nio.charset=ALL-UNNAMED --add-opens=java.base/java.net=ALL-UNNAMED --add-opens=java.base/java.util.concurrent.atomic=ALL-UNNAMED -Xmx2048m -Dfile.encoding=UTF-8 -Duser.country=MY -Duser.language=en -Duser.variant 
java_command: org.gradle.launcher.daemon.bootstrap.GradleDaemon 7.5
java_class_path (initial): C:\Users\Admin\.gradle\wrapper\dists\gradle-7.5-bin\f1w0cc9nuo0eivz97x2xlu9sv\gradle-7.5\lib\gradle-launcher-7.5.jar
Launcher Type: SUN_STANDARD

[Global flags]
     intx CICompilerCount                          = 3                                         {product} {ergonomic}
     uint ConcGCThreads                            = 1                                         {product} {ergonomic}
     uint G1ConcRefinementThreads                  = 4                                         {product} {ergonomic}
   size_t G1HeapRegionSize                         = 1048576                                   {product} {ergonomic}
    uintx GCDrainStackTargetSize                   = 64                                        {product} {ergonomic}
   size_t InitialHeapSize                          = 201326592                                 {product} {ergonomic}
   size_t MarkStackSize                            = 4194304                                   {product} {ergonomic}
   size_t MaxHeapSize                              = 2147483648                                {product} {command line}
   size_t MaxNewSize                               = 1287651328                                {product} {ergonomic}
   size_t MinHeapDeltaBytes                        = 1048576                                   {product} {ergonomic}
    uintx NonNMethodCodeHeapSize                   = 5830732                                {pd product} {ergonomic}
    uintx NonProfiledCodeHeapSize                  = 122913754                              {pd product} {ergonomic}
    uintx ProfiledCodeHeapSize                     = 122913754                              {pd product} {ergonomic}
    uintx ReservedCodeCacheSize                    = 251658240                              {pd product} {ergonomic}
     bool SegmentedCodeCache                       = true                                      {product} {ergonomic}
     bool UseCompressedClassPointers               = true                                 {lp64_product} {ergonomic}
     bool UseCompressedOops                        = true                                 {lp64_product} {ergonomic}
     bool UseG1GC                                  = true                                      {product} {ergonomic}
     bool UseLargePagesIndividualAllocation        = false                                  {pd product} {ergonomic}

Logging:
Log output configuration:
 #0: stdout all=warning uptime,level,tags
 #1: stderr all=off uptime,level,tags

Environment Variables:
PATH=C:\Windows\system32;C:\Windows;C:\Windows\System32\Wbem;C:\Windows\System32\WindowsPowerShell\v1.0\;C:\Windows\System32\OpenSSH\;C:\Program Files (x86)\dotnet\;C:\Users\Admin\AppData\Local\Microsoft\WindowsApps;
USERNAME=Admin
OS=Windows_NT
PROCESSOR_IDENTIFIER=Intel64 Family 6 Model 61 Stepping 4, GenuineIntel



---------------  S Y S T E M  ---------------

OS: Windows 10 , 64 bit Build 19041 (10.0.19041.2913)
OS uptime: 0 days 0:02 hours

CPU:total 4 (initial active 4) (2 cores per cpu, 2 threads per core) family 6 model 61 stepping 4 microcode 0x2d, cmov, cx8, fxsr, mmx, sse, sse2, sse3, ssse3, sse4.1, sse4.2, popcnt, avx, avx2, aes, clmul, erms, rtm, 3dnowpref, lzcnt, ht, tsc, tscinvbit, bmi1, bmi2, adx, fma

Memory: 4k page, system-wide physical 12163M (8056M free)
TotalPageFile size 14595M (AvailPageFile size 10881M)
current process WorkingSet (physical memory assigned to process): 220M, peak: 220M
current process commit charge ("private bytes"): 322M, peak: 324M

vm_info: OpenJDK 64-Bit Server VM (11.0.15+0-b2043.56-9505619) for windows-amd64 JRE (11.0.15+0-b2043.56-9505619), built on Jan 19 2023 02:48:00 by "builduser" with unknown MS VC++:1929

END.
